 ** Message System Log
 ** Database: 
 ** Date:   Fri Jun 22 14:38:47 2012


****************
Macro Parameters
****************

Name                            : sample_FIFO
Family                          : PA3SOC2
Output Format                   : VHDL
Type                            : FIFO
Write Enable                    : Active Low
Read Clock                      : Rising
Write Clock                     : Rising
Reset                           : Active Low
Read Enable                     : Active Low
Write Depth                     : 144
Write Width                     : 32
Read Depth                      : 144
Read Width                      : 32
Almost Full                     : 127
Almost Empty                    : 17
Flags                           : Static
AFFlag Units                    : Write Words
AEFlag Units                    : Read Words
Read Pipe Mode1                 : No Pipe
Count Read After Empty          : No
Count Write After Full          : No
Portname DataIn                 : DATA
Portname DataOut                : Q
Portname AE Port                : AEVAL
Portname AF Port                : AFVAL
Portname Write En               : WE
Portname Read En                : RE
Portname WClock                 : WCLOCK
Portname RClock                 : RCLOCK
Portname AE Flag                : AEMPTY
Portname AF Flag                : AFULL
Portname Full Flag              : FULL
Portname Empty Flag             : EMPTY
Portname Reset                  : RESET


Cascade Configuration:
     Block configuration        : 256x18
     Number of blocks depth wise: 1
     Number of blocks width wise: 2

**************
Compile Report
**************


Netlist Resource Report
=======================

    Microcontroller Subsystem  Used:      0  Total:      1   (0.00%)
    Fabric                     Used:      6  Total:  11520   (0.05%)
    Fabric IO (W/ clocks)      Used:      0  Total:     66   (0.00%)
    Fabric Differential IO     Used:      0  Total:     33   (0.00%)
    Dedicated Analog IO        Used:      0  Total:     32   (0.00%)
    Dedicated MSS IO           Used:      0  Total:     27   (0.00%)
    GLOBAL (Chip+Quadrant)     Used:      0  Total:     15   (0.00%)
    MSS GLOBAL                 Used:      0  Total:      3   (0.00%)
    Fabric CCC                 Used:      0  Total:      1   (0.00%)
    MSS CCC                    Used:      0  Total:      1   (0.00%)
    On-chip RC oscillator      Used:      0  Total:      1   (0.00%)
    Main Crystal oscillator    Used:      0  Total:      1   (0.00%)
    32 KHz Crystal oscillator  Used:      0  Total:      1   (0.00%)
    RAM/FIFO                   Used:      2  Total:     24   (8.33%)
    User JTAG                  Used:      0  Total:      1   (0.00%)

Wrote VHDL netlist to D:/Work/marmote/firmware/MainBoard/StreamingReceiver/smartgen\sample_FIFO\sample_FIFO.vhd.

 ** Log Ended:   Fri Jun 22 14:38:49 2012

