Actel Designer Software
Version: 10.0.20.2
Release: v10.0 SP2

Info: The design StreamingReceiver_RF_2_synthesis_2.adb was last modified by software version
      10.0.20.2.
Opened an existing Libero design StreamingReceiver_RF_2_synthesis_2.adb.
Warning: in Constraint checker: Incomplete generated clock constraint - master pin
         "StreamingReceiver_RF_MSS_0/MSS_CCC_0/I_MSSCCC/U_MSSCCC:CLKA" does not have a valid
         clock.
         Constraint origin: auto-generated
Warning: in Constraint checker: Incomplete generated clock constraint - master pin
         "StreamingReceiver_RF_MSS_0/MSS_CCC_0/I_MSSCCC/U_MSSCCC:CLKA" does not have a valid
         clock.
         Constraint origin: auto-generated
Warning: in Constraint checker: Incomplete generated clock constraint - master pin
         "StreamingReceiver_RF_MSS_0/MSS_CCC_0/I_MSSCCC/U_MSSCCC:CLKA" does not have a valid
         clock.
         Constraint origin: auto-generated
Warning: in Constraint checker: Incomplete generated clock constraint - master pin
         "StreamingReceiver_RF_MSS_0/MSS_ADLIB_INST/U_CORE:FCLK" does not have a valid clock.
         Constraint origin: auto-generated
Warning: in Constraint checker: Incomplete generated clock constraint - master pin
         "StreamingReceiver_RF_MSS_0/MSS_ADLIB_INST/U_CORE:FCLK" does not have a valid clock.
         Constraint origin: auto-generated
Warning: in Constraint checker: Incomplete generated clock constraint - master pin
         "StreamingReceiver_RF_MSS_0/MSS_ADLIB_INST/U_CORE:FCLK" does not have a valid clock.
         Constraint origin: auto-generated

The Execute Script command succeeded ( 00:00:04 )
Design closed.

