Actel Designer Software
Version: 10.0.20.2
Release: v10.0 SP2

Info: The design
      D:/Work/marmote/firmware/MainBoard/StreamingReceiver_RF/designer/impl1/StreamingReceiver_\
      RF_synthesis_1.adb was last modified by software version 10.0.20.2.
Opened an existing Libero design
D:/Work/marmote/firmware/MainBoard/StreamingReceiver_RF/designer/impl1/StreamingReceiver_RF_syn\
thesis_1.adb.
Warning: Overwriting the existing file:
         D:/Work/marmote/firmware/MainBoard/StreamingReceiver_RF/designer/impl1/StreamingReceiv\
         er_RF_synthesis_1.fdb.

The Export-map command succeeded ( 00:00:17 )
CHECKSUM: 6ED3
Wrote to the file:
D:\Work\marmote\firmware\MainBoard\StreamingReceiver_RF\designer\impl1\StreamingReceiver_RF_syn\
thesis_1.fdb

The Export command succeeded ( 00:00:20 )
Design saved to file
D:/Work/marmote/firmware/MainBoard/StreamingReceiver_RF/designer/impl1/StreamingReceiver_RF_syn\
thesis_1.adb.

The Execute Script command succeeded ( 00:00:21 )
Design closed.

