Actel Designer Software
Version: 10.0.20.2
Release: v10.0 SP2

Info: The design StreamingReceiver_RF_synthesis_1.adb was last modified by software version
      10.0.20.2.
Opened an existing Libero design StreamingReceiver_RF_synthesis_1.adb.
'BA_NAME' set to 'StreamingReceiver_RF_ba'
'IDE_DESIGNERVIEW_NAME' set to 'Impl1'
'IDE_DESIGNERVIEW_COUNT' set to '1'
'IDE_DESIGNERVIEW_REV0' set to 'Impl1'
'IDE_DESIGNERVIEW_REVNUM0' set to '1'
'IDE_DESIGNERVIEW_ROOTDIR' set to
'D:\Work\marmote\firmware\MainBoard\StreamingReceiver_RF\designer'
'IDE_DESIGNERVIEW_LASTREV' set to '1'
Wrote timing report to file: StreamingReceiver_RF_maxdelay_timing_report.txt

The Report command succeeded ( 00:00:03 )
Wrote timing report to file: StreamingReceiver_RF_mindelay_timing_report.txt

The Report command succeeded ( 00:00:00 )
Wrote timing_violations report to file:
StreamingReceiver_RF_maxdelay_timingviolations_report.txt

The Report command succeeded ( 00:00:00 )
Wrote timing_violations report to file:
StreamingReceiver_RF_mindelay_timingviolations_report.txt

The Report command succeeded ( 00:00:00 )
Design saved to file
D:\Work\marmote\firmware\MainBoard\StreamingReceiver_RF\designer\impl1\StreamingReceiver_RF_syn\
thesis_1.adb.

The Execute Script command succeeded ( 00:00:05 )
Design closed.

