FlashPro
Version: 10.0.20.2
Release: v10.0 SP2

Software Version: 10.0.20.2
PDB file
'D:\Work\marmote\firmware\MainBoard\StreamingReceiver_RF\designer\impl1\StreamingReceiver_RF_fp\
\StreamingReceiver_RF.pdb' has been loaded successfully.
DESIGN : StreamingReceiver_RF;  CHECKSUM : 6ED3;  PDB_VERSION : 1.7
Driver : 3.0.0 build 1
programmer '55025' : FlashPro3
Opened
'D:/Work/marmote/firmware/MainBoard/StreamingReceiver_RF/designer/impl1/StreamingReceiver_RF_fp\
/StreamingReceiver_RF.pro'
The 'open_project' command succeeded.
The 'set_programming_file' command succeeded.
The 'set_device_type' command succeeded.
The 'set_device_package' command succeeded.
Info: Adding Flash Memory data from file
      D:\Work\marmote\firmware\MainBoard\StreamingReceiver_RF\component\work\StreamingReceiver_\
      RF_MSS\MSS_ENVM_0\MSS_ENVM_0.efc.
Info: Adding FPGA Array data from file
      D:\Work\marmote\firmware\MainBoard\StreamingReceiver_RF\designer\impl1\StreamingReceiver_\
      RF_synthesis_1.fdb.
PDB file
'D:\Work\marmote\firmware\MainBoard\StreamingReceiver_RF\designer\impl1\StreamingReceiver_RF_fp\
\StreamingReceiver_RF.pdb' has been loaded successfully.
DESIGN : StreamingReceiver_RF;  CHECKSUM : 1883;  PDB_VERSION : 1.7
The 'update_programming_file' command succeeded.
The 'set_programming_action' command succeeded.
programmer '55025' : Scan Chain...
Warning: programmer '55025' : Vpump has been selected on programmer AND an externally provided
         Vpump has also been detected. Using externally provided Vpump voltage source.
programmer '55025' : Scan Chain PASSED.
programmer '55025' : Executing action PROGRAM
programmer '55025' : EXPORT FSN[48] = 010dc5383880
programmer '55025' : Erase ...
programmer '55025' : Completed erase
programmer '55025' : Programming FPGA Array
programmer '55025' : Verifying FPGA Array
programmer '55025' :         Verifying FPGA Array -- pass
programmer '55025' : Program System Init and Boot Clients...
programmer '55025' : Verify System Init and Boot Clients...
programmer '55025' : Finished: Wed Sep 26 13:02:21 2012 (Elapsed time 00:00:52)
programmer '55025' : Executing action PROGRAM PASSED.

                        o - o - o - o - o - o

The 'run_selected_actions' command succeeded.
The 'save_project' command succeeded.
