Actel Designer Software
Version: 10.0.20.2
Release: v10.0 SP2

Info: The design
      D:/Work/marmote/firmware/MainBoard/StreamingReceiver/designer/impl1/StreamingReceiver.adb
      was last modified by software version 10.0.20.2.
Opened an existing Libero design
D:/Work/marmote/firmware/MainBoard/StreamingReceiver/designer/impl1/StreamingReceiver.adb.
Warning: Overwriting the existing file:
         D:/Work/marmote/firmware/MainBoard/StreamingReceiver/designer/impl1/StreamingReceiver.\
         fdb.

The Export-map command succeeded ( 00:00:16 )
CHECKSUM: 8C00
Wrote to the file:
D:\Work\marmote\firmware\MainBoard\StreamingReceiver\designer\impl1\StreamingReceiver.fdb

The Export command succeeded ( 00:00:16 )
Design saved to file
D:/Work/marmote/firmware/MainBoard/StreamingReceiver/designer/impl1/StreamingReceiver.adb.

The Execute Script command succeeded ( 00:00:18 )
Design closed.

