 ** Message System Log
 ** Database: 
 ** Date:   Wed Sep 26 11:52:21 2012


****************
Macro Parameters
****************

Name                            : AFE_mux
Family                          : PA3SOC2
Output Format                   : VHDL
Type                            : Multiplexor
Sel0                            : Active High
Sel1                            : None
Sel2                            : None
Sel3                            : None
Sel4                            : None
Sel5                            : None
Output Bus Width                : 20
No Of Input Buses               : 2
Placement Info                  : yes

*************
Fanin Control
*************

Signal      Buffering   Max Load   Signal Width
------      ---------   --------   ------------
Sel0          Auto         6

**************
Compile Report
**************


Netlist Resource Report
=======================

    Microcontroller Subsystem  Used:      0  Total:      1   (0.00%)
    Fabric                     Used:     24  Total:  11520   (0.21%)
    Fabric IO (W/ clocks)      Used:      0  Total:     66   (0.00%)
    Fabric Differential IO     Used:      0  Total:     33   (0.00%)
    Dedicated Analog IO        Used:      0  Total:     32   (0.00%)
    Dedicated MSS IO           Used:      0  Total:     27   (0.00%)
    GLOBAL (Chip+Quadrant)     Used:      0  Total:     15   (0.00%)
    MSS GLOBAL                 Used:      0  Total:      3   (0.00%)
    Fabric CCC                 Used:      0  Total:      1   (0.00%)
    MSS CCC                    Used:      0  Total:      1   (0.00%)
    On-chip RC oscillator      Used:      0  Total:      1   (0.00%)
    Main Crystal oscillator    Used:      0  Total:      1   (0.00%)
    32 KHz Crystal oscillator  Used:      0  Total:      1   (0.00%)
    RAM/FIFO                   Used:      0  Total:     24   (0.00%)
    User JTAG                  Used:      0  Total:      1   (0.00%)

Wrote VHDL netlist to D:/Work/marmote/firmware/MainBoard/StreamingReceiver_RF/smartgen\AFE_mux\AFE_mux.vhd.

 ** Log Ended:   Wed Sep 26 11:52:22 2012

