FlashPro
Version: 10.0.20.2
Release: v10.0 SP2

Software Version: 10.0.20.2
PDB file
'D:\Work\marmote\firmware\MainBoard\StreamingReceiver\designer\impl1\StreamingReceiver_fp\Strea\
mingReceiver.pdb' has been loaded successfully.
DESIGN : StreamingReceiver;  CHECKSUM : 671F;  PDB_VERSION : 1.7
Driver : 3.0.0 build 1
programmer '55025' : FlashPro3
Opened
'D:/Work/marmote/firmware/MainBoard/StreamingReceiver/designer/impl1/StreamingReceiver_fp/Strea\
mingReceiver.pro'
The 'open_project' command succeeded.
The 'set_programming_file' command succeeded.
The 'set_device_type' command succeeded.
The 'set_device_package' command succeeded.
Info: Adding Flash Memory data from file
      D:\Work\marmote\firmware\MainBoard\StreamingReceiver\component\work\StreamingReceiver_MSS\
      \MSS_ENVM_0\MSS_ENVM_0.efc.
Info: Adding FPGA Array data from file
      D:\Work\marmote\firmware\MainBoard\StreamingReceiver\designer\impl1\StreamingReceiver.fdb.
PDB file
'D:\Work\marmote\firmware\MainBoard\StreamingReceiver\designer\impl1\StreamingReceiver_fp\Strea\
mingReceiver.pdb' has been loaded successfully.
DESIGN : StreamingReceiver;  CHECKSUM : 671F;  PDB_VERSION : 1.7
The 'update_programming_file' command succeeded.
The 'set_programming_action' command succeeded.
programmer '55025' : Scan Chain...
Warning: programmer '55025' : Vpump has been selected on programmer AND an externally provided
         Vpump has also been detected. Using externally provided Vpump voltage source.
programmer '55025' : Scan Chain PASSED.
programmer '55025' : Executing action PROGRAM
programmer '55025' : EXPORT FSN[48] = 010dc5383880
programmer '55025' : Erase ...
programmer '55025' : Completed erase
programmer '55025' : Programming FPGA Array
programmer '55025' : Verifying FPGA Array
programmer '55025' :         Verifying FPGA Array -- pass
programmer '55025' : Program System Init and Boot Clients...
programmer '55025' : Verify System Init and Boot Clients...
programmer '55025' : Finished: Thu Aug 09 13:41:14 2012 (Elapsed time 00:00:47)
programmer '55025' : Executing action PROGRAM PASSED.

                        o - o - o - o - o - o

The 'run_selected_actions' command succeeded.
The 'save_project' command succeeded.
